QuanLyBanHang_Code/app/build/intermediates/manifest_merge_blame_file/debug/manifest-merger-blame-debug-report.txt
1<?xml version="1.0" encoding="utf-8"?>
2<manifest xmlns:android="http://schemas.android.com/apk/res/android"
3    package="com.example.quanlybanhang"
4    android:versionCode="1"
5    android:versionName="1.0" >
6
7    <uses-sdk
8        android:minSdkVersion="16"
8-->src\main\AndroidManifest.xml
9        android:targetSdkVersion="30" />
9-->src\main\AndroidManifest.xml
10    <!--
11         The ACCESS_COARSE/FINE_LOCATION permissions are not required to use
12         Google Maps Android API v2, but you must specify either coarse or fine
13         location permissions for the "MyLocation" functionality.
14    -->
15    <uses-permission android:name="android.permission.ACCESS_FINE_LOCATION" />
15-->src\main\AndroidManifest.xml:9:5-79
15-->src\main\AndroidManifest.xml:9:22-76
16    <uses-permission android:name="android.permission.ACCESS_NETWORK_STATE" />
16-->src\main\AndroidManifest.xml:10:5-79
16-->src\main\AndroidManifest.xml:10:22-76
17    <uses-permission android:name="android.permission.INTERNET" />
17-->src\main\AndroidManifest.xml:11:5-67
17-->src\main\AndroidManifest.xml:11:22-64
18
19    <uses-feature
19-->[com.google.android.gms:play-services-maps:17.0.0] AndroidManifest.xml:26:5-28:35
20        android:glEsVersion="0x00020000"
20-->[com.google.android.gms:play-services-maps:17.0.0] AndroidManifest.xml:27:9-41
21        android:required="true" />
21-->[com.google.android.gms:play-services-maps:17.0.0] AndroidManifest.xml:28:9-32
22
23    <application
23-->src\main\AndroidManifest.xml:13:5-52:19
24        android:allowBackup="true"
24-->src\main\AndroidManifest.xml:14:9-35
25        android:appComponentFactory="androidx.core.app.CoreComponentFactory"
25-->[androidx.core:core:1.1.0] AndroidManifest.xml:24:18-86
26        android:debuggable="true"
27        android:icon="@mipmap/nhom11"
27-->src\main\AndroidManifest.xml:15:9-38
28        android:label="@string/app_name"
28-->src\main\AndroidManifest.xml:16:9-41
29        android:roundIcon="@mipmap/ic_launcher_round"
29-->src\main\AndroidManifest.xml:17:9-54
30        android:supportsRtl="true"
30-->src\main\AndroidManifest.xml:18:9-35
31        android:testOnly="true"
32        android:theme="@style/AppTheme"
32-->src\main\AndroidManifest.xml:19:9-40
33        android:usesCleartextTraffic="true" >
33-->src\main\AndroidManifest.xml:20:9-44
34        <activity android:name="com.example.quanlybanhang.activity.DangNhapActivity" >
34-->src\main\AndroidManifest.xml:21:9-27:20
34-->src\main\AndroidManifest.xml:21:19-60
35            <intent-filter>
35-->src\main\AndroidManifest.xml:22:13-26:29
36                <action android:name="android.intent.action.MAIN" />
36-->src\main\AndroidManifest.xml:23:17-69
36-->src\main\AndroidManifest.xml:23:25-66
37
38                <category android:name="android.intent.category.LAUNCHER" />
38-->src\main\AndroidManifest.xml:25:17-77
38-->src\main\AndroidManifest.xml:25:27-74
39            </intent-filter>
40        </activity>
41        <!--
42             The API key for Google Maps-based APIs is defined as a string resource.
43             (See the file "res/values/google_maps_api.xml").
44             Note that the API key is linked to the encryption key used to sign the APK.
45             You need a different API key for each encryption key, including the release key that is used to
46             sign the APK for publishing.
47             You can define the keys for the debug and release targets in src/debug/ and src/release/.
48        -->
49        <meta-data
49-->src\main\AndroidManifest.xml:36:9-38:55
50            android:name="com.google.android.geo.API_KEY"
50-->src\main\AndroidManifest.xml:37:13-58
51            android:value="@string/google_maps_key" />
51-->src\main\AndroidManifest.xml:38:13-52
52
53        <activity
53-->src\main\AndroidManifest.xml:40:9-42:64
54            android:name="com.example.quanlybanhang.activity.ThongTinActivity"
54-->src\main\AndroidManifest.xml:41:13-54
55            android:label="@string/title_activity_thong_tin" />
55-->src\main\AndroidManifest.xml:42:13-61
56        <activity android:name="com.example.quanlybanhang.activity.Thongtinkhachhang" />
56-->src\main\AndroidManifest.xml:43:9-64
56-->src\main\AndroidManifest.xml:43:19-61
57        <activity android:name="com.example.quanlybanhang.activity.GiohangActivity" />
57-->src\main\AndroidManifest.xml:44:9-62
57-->src\main\AndroidManifest.xml:44:19-59
58        <activity android:name="com.example.quanlybanhang.activity.ChiTietSanPham" />
58-->src\main\AndroidManifest.xml:45:9-61
58-->src\main\AndroidManifest.xml:45:19-58
59        <activity android:name="com.example.quanlybanhang.activity.LienHeActivity" />
59-->src\main\AndroidManifest.xml:46:9-61
59-->src\main\AndroidManifest.xml:46:19-58
60        <activity android:name="com.example.quanlybanhang.activity.LapTopActivity" />
60-->src\main\AndroidManifest.xml:47:9-61
60-->src\main\AndroidManifest.xml:47:19-58
61        <activity android:name="com.example.quanlybanhang.activity.DienThoaiActivity" />
61-->src\main\AndroidManifest.xml:48:9-64
61-->src\main\AndroidManifest.xml:48:19-61
62        <activity android:name="com.example.quanlybanhang.activity.MainActivity" >
62-->src\main\AndroidManifest.xml:49:9-51:20
62-->src\main\AndroidManifest.xml:49:19-56
63        </activity>
64        <!-- Needs to be explicitly declared on P+ -->
65        <uses-library
65-->[com.google.android.gms:play-services-maps:17.0.0] AndroidManifest.xml:33:9-35:40
66            android:name="org.apache.http.legacy"
66-->[com.google.android.gms:play-services-maps:17.0.0] AndroidManifest.xml:34:13-50
67            android:required="false" />
67-->[com.google.android.gms:play-services-maps:17.0.0] AndroidManifest.xml:35:13-37
68
69        <activity
69-->[com.google.android.gms:play-services-base:17.0.0] AndroidManifest.xml:23:9-26:75
70            android:name="com.google.android.gms.common.api.GoogleApiActivity"
70-->[com.google.android.gms:play-services-base:17.0.0] AndroidManifest.xml:24:13-79
71            android:exported="false"
71-->[com.google.android.gms:play-services-base:17.0.0] AndroidManifest.xml:25:13-37
72            android:theme="@android:style/Theme.Translucent.NoTitleBar" />
72-->[com.google.android.gms:play-services-base:17.0.0] AndroidManifest.xml:26:13-72
73
74        <meta-data
74-->[com.google.android.gms:play-services-basement:17.0.0] AndroidManifest.xml:23:9-25:69
75            android:name="com.google.android.gms.version"
75-->[com.google.android.gms:play-services-basement:17.0.0] AndroidManifest.xml:24:13-58
76            android:value="@integer/google_play_services_version" />
76-->[com.google.android.gms:play-services-basement:17.0.0] AndroidManifest.xml:25:13-66
77    </application>
78
79</manifest>